
 Sample listing from a Windows Installation

  *-------------------------------------------------------*
  *- I N S T A L L A T I O N   O F   T E X T  M I N E
  *-
  *- You will need the names of the
  *-
  *- a) the installation directory for Text Mine
  *-
  *- b) the web root directory
  *-
  *- The PPM packages is an optional directory. It is
  *- used by ActiveState Perl to find and load Perl modules.
  *- If you don't use ActiveState Perl, you can ignore this
  *- directory and use the CPAN module to load modules.
  *- You may need be root to install Perl modules.
  *-
  *-------------------------------------------------------*
Continue installation (Y/N): y

This is the top level directory where Text Mine
will be installed

Full path of the root installation dir. (D:/tmp/cdrom): d:/cygwin/home/konchady/

This is the top level directory for the web server
e.g. on Linux, the default would be /var/www
 and on Windows, the default would be  C:\Program Files/Apache Group/Apache2

Full path to the top level web server dir. (?????????): d:/cygwin/home/konchady

This is the cgi-bin directory for the Text Mine cgi scripts
It is a relative directory path that is appended
to the web server host name in an URL
Relative path to the Text Mine icons dir. (/icons/tm):

This is an optional directory to the ActiveState Perl  PPM packages

Full path to the PPM Directory (for ActivePerl):
Update Constants.pm (Y/N): y
Created an updated Constants.pm in Text Mine
Fixing the first line of cgi perl scripts...
Finished fixing the first line of cgi perl scripts...
Started load_mod.pl
Installing the Perl dependent modules ...
Are you running ActiveState Perl ? (Y/N): y
Install module \Crypt-Rot13.ppd (Y/N): n
Install module \DBI.ppd (Y/N): n
Install module \DBD-mysql.ppd (Y/N): n
Install module \Digest-MD5.ppd (Y/N): n
Install module \HTML-Parser.ppd (Y/N): n
Install module \XML-RSS::Parser.ppd (Y/N): n
Install module \GD.ppd (Y/N): n
Finished installing Perl dependent modules ....
Finished load_mod.pl
Started setup.pl
Setting up the database ...
Started creating and loading the database....
Creating authorization and application tables...
Loading the tables ....
Loading the wn_words_h_l table....
Loading the qu_categories table....
Loading the wn_words_e_g table....
Loading the co_rulepos table....
Loading the wn_words_q_s table....
Loading the co_ruleent table....
Loading the co_colloc table....
Loading the wn_synsets table....
Loading the co_person table....
Loading the wn_words_c_d table....
Loading the wn_exc_words table....
Loading the co_entity table....
Loading the co_colloc_lead table....
Loading the wn_words_m_p table....
Loading the qu_perlfaq table....
Loading the co_abbrev table....
Loading the co_place table....
Loading the wn_words_rel table....
Loading the wn_words_t_z table....
Loading the co_org table....
Loading the wn_words_all table....
Loading the wn_words_a_b table....
Loading the wn_synsets_rel table....
Finished creating and loading the database....
Finished setting up the database ...
Continue installation (Y/N): y
Creating platform dependent code
Finished creating platform dependent code
Finished setup.pl
Copying the CGI perl scripts.....
Copying the icons.....
Copying files to the root directory
Finished copying files

